終端機在文法中未使用

   LTGE
   AND
   OR
   NOT
   LB2
   RB2


狀態 16 衝突：1 項偏移/縮減
狀態 21 衝突：1 項偏移/縮減
狀態 34 衝突：1 項偏移/縮減
狀態 77 衝突：1 項偏移/縮減
狀態 78 衝突：1 項偏移/縮減
狀態 79 衝突：1 項偏移/縮減
狀態 80 衝突：1 項偏移/縮減
狀態 81 衝突：1 項偏移/縮減
狀態 91 衝突：1 項偏移/縮減
狀態 92 衝突：1 項偏移/縮減
狀態 110 衝突：1 項偏移/縮減
狀態 116 衝突：2 項偏移/縮減


文法

    0 $accept: program $end

    1 program: program stat
    2        | %empty

    3 $@1: %empty

    4 $@2: %empty

    5 stat: '{' $@1 block_item_list $@2 '}'
    6     | for_loop
    7     | declaration
    8     | if_block
    9     | print_func
   10     | NEWLINE
   11     | assign_expr
   12     | compare_expr
   13     | arith
   14     | C_COMMENT
   15     | function

   16 $@3: %empty

   17 $@4: %empty

   18 function: FUNC ID '(' $@3 parameter_list ')' funct_type $@4 '{' block_item_list '}'

   19 funct_type: INT
   20           | FLOAT
   21           | VOID
   22           | %empty

   23 parameter_list: ID type
   24               | parameter_list COM ID type
   25               | %empty

   26 $@5: %empty

   27 if_block: IF $@5 '(' compare_expr ')' stat ELSE_block

   28 $@6: %empty

   29 ELSE_block: ELSE $@6 stat
   30           | NEWLINE
   31           | %empty

   32 block_item_list: stat
   33                | block_item_list stat

   34 $@7: %empty

   35 for_loop: FOR assign_expr SEM $@7 compare_expr SEM For_block

   36 $@8: %empty

   37 for_loop: FOR '(' $@8 compare_expr ')' stat

   38 For_block: ID DEC stat
   39          | ID INC stat

   40 arith: arith ADD arith
   41      | arith SUB arith
   42      | arith MUL arith
   43      | arith DIV arith
   44      | arith MOD arith
   45      | ID INC
   46      | ID DEC
   47      | SUB arith
   48      | '(' arith ')'
   49      | ID
   50      | I_CONST
   51      | F_CONST
   52      | call_function

   53 call_function: ID '(' argument_list ')'

   54 argument_list: argument_list COM arith
   55              | arith
   56              | %empty

   57 compare_expr: arith GT arith
   58             | arith LT arith
   59             | arith GE arith
   60             | arith LE arith
   61             | arith EQ arith
   62             | arith NE arith

   63 assign_expr: ID ASSIGN arith
   64            | ID ADD_ASSIGN arith
   65            | ID SUB_ASSIGN arith
   66            | ID MUL_ASSIGN arith
   67            | ID DIV_ASSIGN arith
   68            | ID MOD_ASSIGN arith

   69 declaration: VAR ID type
   70            | VAR ID type ASSIGN initializer

   71 type: INT
   72     | FLOAT
   73     | VOID

   74 initializer: arith

   75 print_func: PRINT '(' STRING ')'
   76           | PRINTLN '(' STRING ')'
   77           | PRINT '(' arith ')'
   78           | PRINTLN '(' arith ')'


終結語詞，附有它們出現處的規則

$end (0) 0
'(' (40) 18 27 37 48 53 75 76 77 78
')' (41) 18 27 37 48 53 75 76 77 78
'{' (123) 5 18
'}' (125) 5 18
error (256)
PRINT (258) 75 77
PRINTLN (259) 76 78
IF (260) 27
ELSE (261) 29
FOR (262) 35 37
VAR (263) 69 70
NEWLINE (264) 10 30
ADD (265) 40
SUB (266) 41 47
MUL (267) 42
DIV (268) 43
MOD (269) 44
GT (270) 57
LTGE (271)
LE (272) 60
EQ (273) 61
NE (274) 62
INC (275) 39 45
DEC (276) 38 46
LT (277) 58
GE (278) 59
ASSIGN (279) 63 70
ADD_ASSIGN (280) 64
SUB_ASSIGN (281) 65
MUL_ASSIGN (282) 66
DIV_ASSIGN (283) 67
MOD_ASSIGN (284) 68
AND (285)
OR (286)
NOT (287)
LB2 (288)
RB2 (289)
C_COMMENT (290) 14
SEM (291) 35
COM (292) 24 54
FUNC (293) 18
I_CONST (294) 50
F_CONST (295) 51
STRING (296) 75 76
INT (297) 19 71
FLOAT (298) 20 72
VOID (299) 21 73
ID (300) 18 23 24 38 39 45 46 49 53 63 64 65 66 67 68 69 70
UMINUS (301)


非終結語詞，附有它們出現處的規則

$accept (51)
    於左側： 0
program (52)
    於左側： 1 2, 於右側： 0 1
stat (53)
    於左側： 5 6 7 8 9 10 11 12 13 14 15, 於右側： 1 27 29
    32 33 37 38 39
$@1 (54)
    於左側： 3, 於右側： 5
$@2 (55)
    於左側： 4, 於右側： 5
function (56)
    於左側： 18, 於右側： 15
$@3 (57)
    於左側： 16, 於右側： 18
$@4 (58)
    於左側： 17, 於右側： 18
funct_type (59)
    於左側： 19 20 21 22, 於右側： 18
parameter_list (60)
    於左側： 23 24 25, 於右側： 18 24
if_block (61)
    於左側： 27, 於右側： 8
$@5 (62)
    於左側： 26, 於右側： 27
ELSE_block (63)
    於左側： 29 30 31, 於右側： 27
$@6 (64)
    於左側： 28, 於右側： 29
block_item_list (65)
    於左側： 32 33, 於右側： 5 18 33
for_loop (66)
    於左側： 35 37, 於右側： 6
$@7 (67)
    於左側： 34, 於右側： 35
$@8 (68)
    於左側： 36, 於右側： 37
For_block (69)
    於左側： 38 39, 於右側： 35
arith (70)
    於左側： 40 41 42 43 44 45 46 47 48 49 50 51 52, 於右側：
    13 40 41 42 43 44 47 48 54 55 57 58 59 60 61 62 63 64 65 66 67
    68 74 77 78
call_function (71)
    於左側： 53, 於右側： 52
argument_list (72)
    於左側： 54 55 56, 於右側： 53 54
compare_expr (73)
    於左側： 57 58 59 60 61 62, 於右側： 12 27 35 37
assign_expr (74)
    於左側： 63 64 65 66 67 68, 於右側： 11 35
declaration (75)
    於左側： 69 70, 於右側： 7
type (76)
    於左側： 71 72 73, 於右側： 23 24 69 70
initializer (77)
    於左側： 74, 於右側： 70
print_func (78)
    於左側： 75 76 77 78, 於右側： 9


狀態 0

    0 $accept: . program $end

    $預設  使用規則 2 以縮減 (program)

    program  進入狀態 1


狀態 1

    0 $accept: program . $end
    1 program: program . stat

    $end       偏移，並進入狀態 2
    PRINT      偏移，並進入狀態 3
    PRINTLN    偏移，並進入狀態 4
    IF         偏移，並進入狀態 5
    FOR        偏移，並進入狀態 6
    VAR        偏移，並進入狀態 7
    NEWLINE    偏移，並進入狀態 8
    SUB        偏移，並進入狀態 9
    '('        偏移，並進入狀態 10
    '{'        偏移，並進入狀態 11
    C_COMMENT  偏移，並進入狀態 12
    FUNC       偏移，並進入狀態 13
    I_CONST    偏移，並進入狀態 14
    F_CONST    偏移，並進入狀態 15
    ID         偏移，並進入狀態 16

    stat           進入狀態 17
    function       進入狀態 18
    if_block       進入狀態 19
    for_loop       進入狀態 20
    arith          進入狀態 21
    call_function  進入狀態 22
    compare_expr   進入狀態 23
    assign_expr    進入狀態 24
    declaration    進入狀態 25
    print_func     進入狀態 26


狀態 2

    0 $accept: program $end .

    $預設  接受


狀態 3

   75 print_func: PRINT . '(' STRING ')'
   77           | PRINT . '(' arith ')'

    '('  偏移，並進入狀態 27


狀態 4

   76 print_func: PRINTLN . '(' STRING ')'
   78           | PRINTLN . '(' arith ')'

    '('  偏移，並進入狀態 28


狀態 5

   27 if_block: IF . $@5 '(' compare_expr ')' stat ELSE_block

    $預設  使用規則 26 以縮減 ($@5)

    $@5  進入狀態 29


狀態 6

   35 for_loop: FOR . assign_expr SEM $@7 compare_expr SEM For_block
   37         | FOR . '(' $@8 compare_expr ')' stat

    '('  偏移，並進入狀態 30
    ID   偏移，並進入狀態 31

    assign_expr  進入狀態 32


狀態 7

   69 declaration: VAR . ID type
   70            | VAR . ID type ASSIGN initializer

    ID  偏移，並進入狀態 33


狀態 8

   10 stat: NEWLINE .

    $預設  使用規則 10 以縮減 (stat)


狀態 9

   47 arith: SUB . arith

    SUB      偏移，並進入狀態 9
    '('      偏移，並進入狀態 10
    I_CONST  偏移，並進入狀態 14
    F_CONST  偏移，並進入狀態 15
    ID       偏移，並進入狀態 34

    arith          進入狀態 35
    call_function  進入狀態 22


狀態 10

   48 arith: '(' . arith ')'

    SUB      偏移，並進入狀態 9
    '('      偏移，並進入狀態 10
    I_CONST  偏移，並進入狀態 14
    F_CONST  偏移，並進入狀態 15
    ID       偏移，並進入狀態 34

    arith          進入狀態 36
    call_function  進入狀態 22


狀態 11

    5 stat: '{' . $@1 block_item_list $@2 '}'

    $預設  使用規則 3 以縮減 ($@1)

    $@1  進入狀態 37


狀態 12

   14 stat: C_COMMENT .

    $預設  使用規則 14 以縮減 (stat)


狀態 13

   18 function: FUNC . ID '(' $@3 parameter_list ')' funct_type $@4 '{' block_item_list '}'

    ID  偏移，並進入狀態 38


狀態 14

   50 arith: I_CONST .

    $預設  使用規則 50 以縮減 (arith)


狀態 15

   51 arith: F_CONST .

    $預設  使用規則 51 以縮減 (arith)


狀態 16

   45 arith: ID . INC
   46      | ID . DEC
   49      | ID .
   53 call_function: ID . '(' argument_list ')'
   63 assign_expr: ID . ASSIGN arith
   64            | ID . ADD_ASSIGN arith
   65            | ID . SUB_ASSIGN arith
   66            | ID . MUL_ASSIGN arith
   67            | ID . DIV_ASSIGN arith
   68            | ID . MOD_ASSIGN arith

    '('         偏移，並進入狀態 39
    INC         偏移，並進入狀態 40
    DEC         偏移，並進入狀態 41
    ASSIGN      偏移，並進入狀態 42
    ADD_ASSIGN  偏移，並進入狀態 43
    SUB_ASSIGN  偏移，並進入狀態 44
    MUL_ASSIGN  偏移，並進入狀態 45
    DIV_ASSIGN  偏移，並進入狀態 46
    MOD_ASSIGN  偏移，並進入狀態 47

    '('      [使用規則 49 以縮減 (arith)]
    $預設  使用規則 49 以縮減 (arith)


狀態 17

    1 program: program stat .

    $預設  使用規則 1 以縮減 (program)


狀態 18

   15 stat: function .

    $預設  使用規則 15 以縮減 (stat)


狀態 19

    8 stat: if_block .

    $預設  使用規則 8 以縮減 (stat)


狀態 20

    6 stat: for_loop .

    $預設  使用規則 6 以縮減 (stat)


狀態 21

   13 stat: arith .
   40 arith: arith . ADD arith
   41      | arith . SUB arith
   42      | arith . MUL arith
   43      | arith . DIV arith
   44      | arith . MOD arith
   57 compare_expr: arith . GT arith
   58             | arith . LT arith
   59             | arith . GE arith
   60             | arith . LE arith
   61             | arith . EQ arith
   62             | arith . NE arith

    ADD  偏移，並進入狀態 48
    SUB  偏移，並進入狀態 49
    MUL  偏移，並進入狀態 50
    DIV  偏移，並進入狀態 51
    MOD  偏移，並進入狀態 52
    GT   偏移，並進入狀態 53
    LE   偏移，並進入狀態 54
    EQ   偏移，並進入狀態 55
    NE   偏移，並進入狀態 56
    LT   偏移，並進入狀態 57
    GE   偏移，並進入狀態 58

    SUB      [使用規則 13 以縮減 (stat)]
    $預設  使用規則 13 以縮減 (stat)


狀態 22

   52 arith: call_function .

    $預設  使用規則 52 以縮減 (arith)


狀態 23

   12 stat: compare_expr .

    $預設  使用規則 12 以縮減 (stat)


狀態 24

   11 stat: assign_expr .

    $預設  使用規則 11 以縮減 (stat)


狀態 25

    7 stat: declaration .

    $預設  使用規則 7 以縮減 (stat)


狀態 26

    9 stat: print_func .

    $預設  使用規則 9 以縮減 (stat)


狀態 27

   75 print_func: PRINT '(' . STRING ')'
   77           | PRINT '(' . arith ')'

    SUB      偏移，並進入狀態 9
    '('      偏移，並進入狀態 10
    I_CONST  偏移，並進入狀態 14
    F_CONST  偏移，並進入狀態 15
    STRING   偏移，並進入狀態 59
    ID       偏移，並進入狀態 34

    arith          進入狀態 60
    call_function  進入狀態 22


狀態 28

   76 print_func: PRINTLN '(' . STRING ')'
   78           | PRINTLN '(' . arith ')'

    SUB      偏移，並進入狀態 9
    '('      偏移，並進入狀態 10
    I_CONST  偏移，並進入狀態 14
    F_CONST  偏移，並進入狀態 15
    STRING   偏移，並進入狀態 61
    ID       偏移，並進入狀態 34

    arith          進入狀態 62
    call_function  進入狀態 22


狀態 29

   27 if_block: IF $@5 . '(' compare_expr ')' stat ELSE_block

    '('  偏移，並進入狀態 63


狀態 30

   37 for_loop: FOR '(' . $@8 compare_expr ')' stat

    $預設  使用規則 36 以縮減 ($@8)

    $@8  進入狀態 64


狀態 31

   63 assign_expr: ID . ASSIGN arith
   64            | ID . ADD_ASSIGN arith
   65            | ID . SUB_ASSIGN arith
   66            | ID . MUL_ASSIGN arith
   67            | ID . DIV_ASSIGN arith
   68            | ID . MOD_ASSIGN arith

    ASSIGN      偏移，並進入狀態 42
    ADD_ASSIGN  偏移，並進入狀態 43
    SUB_ASSIGN  偏移，並進入狀態 44
    MUL_ASSIGN  偏移，並進入狀態 45
    DIV_ASSIGN  偏移，並進入狀態 46
    MOD_ASSIGN  偏移，並進入狀態 47


狀態 32

   35 for_loop: FOR assign_expr . SEM $@7 compare_expr SEM For_block

    SEM  偏移，並進入狀態 65


狀態 33

   69 declaration: VAR ID . type
   70            | VAR ID . type ASSIGN initializer

    INT    偏移，並進入狀態 66
    FLOAT  偏移，並進入狀態 67
    VOID   偏移，並進入狀態 68

    type  進入狀態 69


狀態 34

   45 arith: ID . INC
   46      | ID . DEC
   49      | ID .
   53 call_function: ID . '(' argument_list ')'

    '('  偏移，並進入狀態 39
    INC  偏移，並進入狀態 40
    DEC  偏移，並進入狀態 41

    '('      [使用規則 49 以縮減 (arith)]
    $預設  使用規則 49 以縮減 (arith)


狀態 35

   40 arith: arith . ADD arith
   41      | arith . SUB arith
   42      | arith . MUL arith
   43      | arith . DIV arith
   44      | arith . MOD arith
   47      | SUB arith .

    $預設  使用規則 47 以縮減 (arith)


狀態 36

   40 arith: arith . ADD arith
   41      | arith . SUB arith
   42      | arith . MUL arith
   43      | arith . DIV arith
   44      | arith . MOD arith
   48      | '(' arith . ')'

    ADD  偏移，並進入狀態 48
    SUB  偏移，並進入狀態 49
    MUL  偏移，並進入狀態 50
    DIV  偏移，並進入狀態 51
    MOD  偏移，並進入狀態 52
    ')'  偏移，並進入狀態 70


狀態 37

    5 stat: '{' $@1 . block_item_list $@2 '}'

    PRINT      偏移，並進入狀態 3
    PRINTLN    偏移，並進入狀態 4
    IF         偏移，並進入狀態 5
    FOR        偏移，並進入狀態 6
    VAR        偏移，並進入狀態 7
    NEWLINE    偏移，並進入狀態 8
    SUB        偏移，並進入狀態 9
    '('        偏移，並進入狀態 10
    '{'        偏移，並進入狀態 11
    C_COMMENT  偏移，並進入狀態 12
    FUNC       偏移，並進入狀態 13
    I_CONST    偏移，並進入狀態 14
    F_CONST    偏移，並進入狀態 15
    ID         偏移，並進入狀態 16

    stat             進入狀態 71
    function         進入狀態 18
    if_block         進入狀態 19
    block_item_list  進入狀態 72
    for_loop         進入狀態 20
    arith            進入狀態 21
    call_function    進入狀態 22
    compare_expr     進入狀態 23
    assign_expr      進入狀態 24
    declaration      進入狀態 25
    print_func       進入狀態 26


狀態 38

   18 function: FUNC ID . '(' $@3 parameter_list ')' funct_type $@4 '{' block_item_list '}'

    '('  偏移，並進入狀態 73


狀態 39

   53 call_function: ID '(' . argument_list ')'

    SUB      偏移，並進入狀態 9
    '('      偏移，並進入狀態 10
    I_CONST  偏移，並進入狀態 14
    F_CONST  偏移，並進入狀態 15
    ID       偏移，並進入狀態 34

    $預設  使用規則 56 以縮減 (argument_list)

    arith          進入狀態 74
    call_function  進入狀態 22
    argument_list  進入狀態 75


狀態 40

   45 arith: ID INC .

    $預設  使用規則 45 以縮減 (arith)


狀態 41

   46 arith: ID DEC .

    $預設  使用規則 46 以縮減 (arith)


狀態 42

   63 assign_expr: ID ASSIGN . arith

    SUB      偏移，並進入狀態 9
    '('      偏移，並進入狀態 10
    I_CONST  偏移，並進入狀態 14
    F_CONST  偏移，並進入狀態 15
    ID       偏移，並進入狀態 34

    arith          進入狀態 76
    call_function  進入狀態 22


狀態 43

   64 assign_expr: ID ADD_ASSIGN . arith

    SUB      偏移，並進入狀態 9
    '('      偏移，並進入狀態 10
    I_CONST  偏移，並進入狀態 14
    F_CONST  偏移，並進入狀態 15
    ID       偏移，並進入狀態 34

    arith          進入狀態 77
    call_function  進入狀態 22


狀態 44

   65 assign_expr: ID SUB_ASSIGN . arith

    SUB      偏移，並進入狀態 9
    '('      偏移，並進入狀態 10
    I_CONST  偏移，並進入狀態 14
    F_CONST  偏移，並進入狀態 15
    ID       偏移，並進入狀態 34

    arith          進入狀態 78
    call_function  進入狀態 22


狀態 45

   66 assign_expr: ID MUL_ASSIGN . arith

    SUB      偏移，並進入狀態 9
    '('      偏移，並進入狀態 10
    I_CONST  偏移，並進入狀態 14
    F_CONST  偏移，並進入狀態 15
    ID       偏移，並進入狀態 34

    arith          進入狀態 79
    call_function  進入狀態 22


狀態 46

   67 assign_expr: ID DIV_ASSIGN . arith

    SUB      偏移，並進入狀態 9
    '('      偏移，並進入狀態 10
    I_CONST  偏移，並進入狀態 14
    F_CONST  偏移，並進入狀態 15
    ID       偏移，並進入狀態 34

    arith          進入狀態 80
    call_function  進入狀態 22


狀態 47

   68 assign_expr: ID MOD_ASSIGN . arith

    SUB      偏移，並進入狀態 9
    '('      偏移，並進入狀態 10
    I_CONST  偏移，並進入狀態 14
    F_CONST  偏移，並進入狀態 15
    ID       偏移，並進入狀態 34

    arith          進入狀態 81
    call_function  進入狀態 22


狀態 48

   40 arith: arith ADD . arith

    SUB      偏移，並進入狀態 9
    '('      偏移，並進入狀態 10
    I_CONST  偏移，並進入狀態 14
    F_CONST  偏移，並進入狀態 15
    ID       偏移，並進入狀態 34

    arith          進入狀態 82
    call_function  進入狀態 22


狀態 49

   41 arith: arith SUB . arith

    SUB      偏移，並進入狀態 9
    '('      偏移，並進入狀態 10
    I_CONST  偏移，並進入狀態 14
    F_CONST  偏移，並進入狀態 15
    ID       偏移，並進入狀態 34

    arith          進入狀態 83
    call_function  進入狀態 22


狀態 50

   42 arith: arith MUL . arith

    SUB      偏移，並進入狀態 9
    '('      偏移，並進入狀態 10
    I_CONST  偏移，並進入狀態 14
    F_CONST  偏移，並進入狀態 15
    ID       偏移，並進入狀態 34

    arith          進入狀態 84
    call_function  進入狀態 22


狀態 51

   43 arith: arith DIV . arith

    SUB      偏移，並進入狀態 9
    '('      偏移，並進入狀態 10
    I_CONST  偏移，並進入狀態 14
    F_CONST  偏移，並進入狀態 15
    ID       偏移，並進入狀態 34

    arith          進入狀態 85
    call_function  進入狀態 22


狀態 52

   44 arith: arith MOD . arith

    SUB      偏移，並進入狀態 9
    '('      偏移，並進入狀態 10
    I_CONST  偏移，並進入狀態 14
    F_CONST  偏移，並進入狀態 15
    ID       偏移，並進入狀態 34

    arith          進入狀態 86
    call_function  進入狀態 22


狀態 53

   57 compare_expr: arith GT . arith

    SUB      偏移，並進入狀態 9
    '('      偏移，並進入狀態 10
    I_CONST  偏移，並進入狀態 14
    F_CONST  偏移，並進入狀態 15
    ID       偏移，並進入狀態 34

    arith          進入狀態 87
    call_function  進入狀態 22


狀態 54

   60 compare_expr: arith LE . arith

    SUB      偏移，並進入狀態 9
    '('      偏移，並進入狀態 10
    I_CONST  偏移，並進入狀態 14
    F_CONST  偏移，並進入狀態 15
    ID       偏移，並進入狀態 34

    arith          進入狀態 88
    call_function  進入狀態 22


狀態 55

   61 compare_expr: arith EQ . arith

    SUB      偏移，並進入狀態 9
    '('      偏移，並進入狀態 10
    I_CONST  偏移，並進入狀態 14
    F_CONST  偏移，並進入狀態 15
    ID       偏移，並進入狀態 34

    arith          進入狀態 89
    call_function  進入狀態 22


狀態 56

   62 compare_expr: arith NE . arith

    SUB      偏移，並進入狀態 9
    '('      偏移，並進入狀態 10
    I_CONST  偏移，並進入狀態 14
    F_CONST  偏移，並進入狀態 15
    ID       偏移，並進入狀態 34

    arith          進入狀態 90
    call_function  進入狀態 22


狀態 57

   58 compare_expr: arith LT . arith

    SUB      偏移，並進入狀態 9
    '('      偏移，並進入狀態 10
    I_CONST  偏移，並進入狀態 14
    F_CONST  偏移，並進入狀態 15
    ID       偏移，並進入狀態 34

    arith          進入狀態 91
    call_function  進入狀態 22


狀態 58

   59 compare_expr: arith GE . arith

    SUB      偏移，並進入狀態 9
    '('      偏移，並進入狀態 10
    I_CONST  偏移，並進入狀態 14
    F_CONST  偏移，並進入狀態 15
    ID       偏移，並進入狀態 34

    arith          進入狀態 92
    call_function  進入狀態 22


狀態 59

   75 print_func: PRINT '(' STRING . ')'

    ')'  偏移，並進入狀態 93


狀態 60

   40 arith: arith . ADD arith
   41      | arith . SUB arith
   42      | arith . MUL arith
   43      | arith . DIV arith
   44      | arith . MOD arith
   77 print_func: PRINT '(' arith . ')'

    ADD  偏移，並進入狀態 48
    SUB  偏移，並進入狀態 49
    MUL  偏移，並進入狀態 50
    DIV  偏移，並進入狀態 51
    MOD  偏移，並進入狀態 52
    ')'  偏移，並進入狀態 94


狀態 61

   76 print_func: PRINTLN '(' STRING . ')'

    ')'  偏移，並進入狀態 95


狀態 62

   40 arith: arith . ADD arith
   41      | arith . SUB arith
   42      | arith . MUL arith
   43      | arith . DIV arith
   44      | arith . MOD arith
   78 print_func: PRINTLN '(' arith . ')'

    ADD  偏移，並進入狀態 48
    SUB  偏移，並進入狀態 49
    MUL  偏移，並進入狀態 50
    DIV  偏移，並進入狀態 51
    MOD  偏移，並進入狀態 52
    ')'  偏移，並進入狀態 96


狀態 63

   27 if_block: IF $@5 '(' . compare_expr ')' stat ELSE_block

    SUB      偏移，並進入狀態 9
    '('      偏移，並進入狀態 10
    I_CONST  偏移，並進入狀態 14
    F_CONST  偏移，並進入狀態 15
    ID       偏移，並進入狀態 34

    arith          進入狀態 97
    call_function  進入狀態 22
    compare_expr   進入狀態 98


狀態 64

   37 for_loop: FOR '(' $@8 . compare_expr ')' stat

    SUB      偏移，並進入狀態 9
    '('      偏移，並進入狀態 10
    I_CONST  偏移，並進入狀態 14
    F_CONST  偏移，並進入狀態 15
    ID       偏移，並進入狀態 34

    arith          進入狀態 97
    call_function  進入狀態 22
    compare_expr   進入狀態 99


狀態 65

   35 for_loop: FOR assign_expr SEM . $@7 compare_expr SEM For_block

    $預設  使用規則 34 以縮減 ($@7)

    $@7  進入狀態 100


狀態 66

   71 type: INT .

    $預設  使用規則 71 以縮減 (type)


狀態 67

   72 type: FLOAT .

    $預設  使用規則 72 以縮減 (type)


狀態 68

   73 type: VOID .

    $預設  使用規則 73 以縮減 (type)


狀態 69

   69 declaration: VAR ID type .
   70            | VAR ID type . ASSIGN initializer

    ASSIGN  偏移，並進入狀態 101

    $預設  使用規則 69 以縮減 (declaration)


狀態 70

   48 arith: '(' arith ')' .

    $預設  使用規則 48 以縮減 (arith)


狀態 71

   32 block_item_list: stat .

    $預設  使用規則 32 以縮減 (block_item_list)


狀態 72

    5 stat: '{' $@1 block_item_list . $@2 '}'
   33 block_item_list: block_item_list . stat

    PRINT      偏移，並進入狀態 3
    PRINTLN    偏移，並進入狀態 4
    IF         偏移，並進入狀態 5
    FOR        偏移，並進入狀態 6
    VAR        偏移，並進入狀態 7
    NEWLINE    偏移，並進入狀態 8
    SUB        偏移，並進入狀態 9
    '('        偏移，並進入狀態 10
    '{'        偏移，並進入狀態 11
    C_COMMENT  偏移，並進入狀態 12
    FUNC       偏移，並進入狀態 13
    I_CONST    偏移，並進入狀態 14
    F_CONST    偏移，並進入狀態 15
    ID         偏移，並進入狀態 16

    $預設  使用規則 4 以縮減 ($@2)

    stat           進入狀態 102
    $@2            進入狀態 103
    function       進入狀態 18
    if_block       進入狀態 19
    for_loop       進入狀態 20
    arith          進入狀態 21
    call_function  進入狀態 22
    compare_expr   進入狀態 23
    assign_expr    進入狀態 24
    declaration    進入狀態 25
    print_func     進入狀態 26


狀態 73

   18 function: FUNC ID '(' . $@3 parameter_list ')' funct_type $@4 '{' block_item_list '}'

    $預設  使用規則 16 以縮減 ($@3)

    $@3  進入狀態 104


狀態 74

   40 arith: arith . ADD arith
   41      | arith . SUB arith
   42      | arith . MUL arith
   43      | arith . DIV arith
   44      | arith . MOD arith
   55 argument_list: arith .

    ADD  偏移，並進入狀態 48
    SUB  偏移，並進入狀態 49
    MUL  偏移，並進入狀態 50
    DIV  偏移，並進入狀態 51
    MOD  偏移，並進入狀態 52

    $預設  使用規則 55 以縮減 (argument_list)


狀態 75

   53 call_function: ID '(' argument_list . ')'
   54 argument_list: argument_list . COM arith

    ')'  偏移，並進入狀態 105
    COM  偏移，並進入狀態 106


狀態 76

   40 arith: arith . ADD arith
   41      | arith . SUB arith
   42      | arith . MUL arith
   43      | arith . DIV arith
   44      | arith . MOD arith
   63 assign_expr: ID ASSIGN arith .

    ADD  偏移，並進入狀態 48
    SUB  偏移，並進入狀態 49
    MUL  偏移，並進入狀態 50
    DIV  偏移，並進入狀態 51
    MOD  偏移，並進入狀態 52

    $預設  使用規則 63 以縮減 (assign_expr)


狀態 77

   40 arith: arith . ADD arith
   41      | arith . SUB arith
   42      | arith . MUL arith
   43      | arith . DIV arith
   44      | arith . MOD arith
   64 assign_expr: ID ADD_ASSIGN arith .

    ADD  偏移，並進入狀態 48
    SUB  偏移，並進入狀態 49
    MUL  偏移，並進入狀態 50
    DIV  偏移，並進入狀態 51
    MOD  偏移，並進入狀態 52

    SUB      [使用規則 64 以縮減 (assign_expr)]
    $預設  使用規則 64 以縮減 (assign_expr)


狀態 78

   40 arith: arith . ADD arith
   41      | arith . SUB arith
   42      | arith . MUL arith
   43      | arith . DIV arith
   44      | arith . MOD arith
   65 assign_expr: ID SUB_ASSIGN arith .

    ADD  偏移，並進入狀態 48
    SUB  偏移，並進入狀態 49
    MUL  偏移，並進入狀態 50
    DIV  偏移，並進入狀態 51
    MOD  偏移，並進入狀態 52

    SUB      [使用規則 65 以縮減 (assign_expr)]
    $預設  使用規則 65 以縮減 (assign_expr)


狀態 79

   40 arith: arith . ADD arith
   41      | arith . SUB arith
   42      | arith . MUL arith
   43      | arith . DIV arith
   44      | arith . MOD arith
   66 assign_expr: ID MUL_ASSIGN arith .

    ADD  偏移，並進入狀態 48
    SUB  偏移，並進入狀態 49
    MUL  偏移，並進入狀態 50
    DIV  偏移，並進入狀態 51
    MOD  偏移，並進入狀態 52

    SUB      [使用規則 66 以縮減 (assign_expr)]
    $預設  使用規則 66 以縮減 (assign_expr)


狀態 80

   40 arith: arith . ADD arith
   41      | arith . SUB arith
   42      | arith . MUL arith
   43      | arith . DIV arith
   44      | arith . MOD arith
   67 assign_expr: ID DIV_ASSIGN arith .

    ADD  偏移，並進入狀態 48
    SUB  偏移，並進入狀態 49
    MUL  偏移，並進入狀態 50
    DIV  偏移，並進入狀態 51
    MOD  偏移，並進入狀態 52

    SUB      [使用規則 67 以縮減 (assign_expr)]
    $預設  使用規則 67 以縮減 (assign_expr)


狀態 81

   40 arith: arith . ADD arith
   41      | arith . SUB arith
   42      | arith . MUL arith
   43      | arith . DIV arith
   44      | arith . MOD arith
   68 assign_expr: ID MOD_ASSIGN arith .

    ADD  偏移，並進入狀態 48
    SUB  偏移，並進入狀態 49
    MUL  偏移，並進入狀態 50
    DIV  偏移，並進入狀態 51
    MOD  偏移，並進入狀態 52

    SUB      [使用規則 68 以縮減 (assign_expr)]
    $預設  使用規則 68 以縮減 (assign_expr)


狀態 82

   40 arith: arith . ADD arith
   40      | arith ADD arith .
   41      | arith . SUB arith
   42      | arith . MUL arith
   43      | arith . DIV arith
   44      | arith . MOD arith

    MUL  偏移，並進入狀態 50
    DIV  偏移，並進入狀態 51
    MOD  偏移，並進入狀態 52

    $預設  使用規則 40 以縮減 (arith)


狀態 83

   40 arith: arith . ADD arith
   41      | arith . SUB arith
   41      | arith SUB arith .
   42      | arith . MUL arith
   43      | arith . DIV arith
   44      | arith . MOD arith

    MUL  偏移，並進入狀態 50
    DIV  偏移，並進入狀態 51
    MOD  偏移，並進入狀態 52

    $預設  使用規則 41 以縮減 (arith)


狀態 84

   40 arith: arith . ADD arith
   41      | arith . SUB arith
   42      | arith . MUL arith
   42      | arith MUL arith .
   43      | arith . DIV arith
   44      | arith . MOD arith

    $預設  使用規則 42 以縮減 (arith)


狀態 85

   40 arith: arith . ADD arith
   41      | arith . SUB arith
   42      | arith . MUL arith
   43      | arith . DIV arith
   43      | arith DIV arith .
   44      | arith . MOD arith

    $預設  使用規則 43 以縮減 (arith)


狀態 86

   40 arith: arith . ADD arith
   41      | arith . SUB arith
   42      | arith . MUL arith
   43      | arith . DIV arith
   44      | arith . MOD arith
   44      | arith MOD arith .

    $預設  使用規則 44 以縮減 (arith)


狀態 87

   40 arith: arith . ADD arith
   41      | arith . SUB arith
   42      | arith . MUL arith
   43      | arith . DIV arith
   44      | arith . MOD arith
   57 compare_expr: arith GT arith .

    ADD  偏移，並進入狀態 48
    SUB  偏移，並進入狀態 49
    MUL  偏移，並進入狀態 50
    DIV  偏移，並進入狀態 51
    MOD  偏移，並進入狀態 52

    $預設  使用規則 57 以縮減 (compare_expr)


狀態 88

   40 arith: arith . ADD arith
   41      | arith . SUB arith
   42      | arith . MUL arith
   43      | arith . DIV arith
   44      | arith . MOD arith
   60 compare_expr: arith LE arith .

    ADD  偏移，並進入狀態 48
    SUB  偏移，並進入狀態 49
    MUL  偏移，並進入狀態 50
    DIV  偏移，並進入狀態 51
    MOD  偏移，並進入狀態 52

    $預設  使用規則 60 以縮減 (compare_expr)


狀態 89

   40 arith: arith . ADD arith
   41      | arith . SUB arith
   42      | arith . MUL arith
   43      | arith . DIV arith
   44      | arith . MOD arith
   61 compare_expr: arith EQ arith .

    ADD  偏移，並進入狀態 48
    SUB  偏移，並進入狀態 49
    MUL  偏移，並進入狀態 50
    DIV  偏移，並進入狀態 51
    MOD  偏移，並進入狀態 52

    $預設  使用規則 61 以縮減 (compare_expr)


狀態 90

   40 arith: arith . ADD arith
   41      | arith . SUB arith
   42      | arith . MUL arith
   43      | arith . DIV arith
   44      | arith . MOD arith
   62 compare_expr: arith NE arith .

    ADD  偏移，並進入狀態 48
    SUB  偏移，並進入狀態 49
    MUL  偏移，並進入狀態 50
    DIV  偏移，並進入狀態 51
    MOD  偏移，並進入狀態 52

    $預設  使用規則 62 以縮減 (compare_expr)


狀態 91

   40 arith: arith . ADD arith
   41      | arith . SUB arith
   42      | arith . MUL arith
   43      | arith . DIV arith
   44      | arith . MOD arith
   58 compare_expr: arith LT arith .

    ADD  偏移，並進入狀態 48
    SUB  偏移，並進入狀態 49
    MUL  偏移，並進入狀態 50
    DIV  偏移，並進入狀態 51
    MOD  偏移，並進入狀態 52

    SUB      [使用規則 58 以縮減 (compare_expr)]
    $預設  使用規則 58 以縮減 (compare_expr)


狀態 92

   40 arith: arith . ADD arith
   41      | arith . SUB arith
   42      | arith . MUL arith
   43      | arith . DIV arith
   44      | arith . MOD arith
   59 compare_expr: arith GE arith .

    ADD  偏移，並進入狀態 48
    SUB  偏移，並進入狀態 49
    MUL  偏移，並進入狀態 50
    DIV  偏移，並進入狀態 51
    MOD  偏移，並進入狀態 52

    SUB      [使用規則 59 以縮減 (compare_expr)]
    $預設  使用規則 59 以縮減 (compare_expr)


狀態 93

   75 print_func: PRINT '(' STRING ')' .

    $預設  使用規則 75 以縮減 (print_func)


狀態 94

   77 print_func: PRINT '(' arith ')' .

    $預設  使用規則 77 以縮減 (print_func)


狀態 95

   76 print_func: PRINTLN '(' STRING ')' .

    $預設  使用規則 76 以縮減 (print_func)


狀態 96

   78 print_func: PRINTLN '(' arith ')' .

    $預設  使用規則 78 以縮減 (print_func)


狀態 97

   40 arith: arith . ADD arith
   41      | arith . SUB arith
   42      | arith . MUL arith
   43      | arith . DIV arith
   44      | arith . MOD arith
   57 compare_expr: arith . GT arith
   58             | arith . LT arith
   59             | arith . GE arith
   60             | arith . LE arith
   61             | arith . EQ arith
   62             | arith . NE arith

    ADD  偏移，並進入狀態 48
    SUB  偏移，並進入狀態 49
    MUL  偏移，並進入狀態 50
    DIV  偏移，並進入狀態 51
    MOD  偏移，並進入狀態 52
    GT   偏移，並進入狀態 53
    LE   偏移，並進入狀態 54
    EQ   偏移，並進入狀態 55
    NE   偏移，並進入狀態 56
    LT   偏移，並進入狀態 57
    GE   偏移，並進入狀態 58


狀態 98

   27 if_block: IF $@5 '(' compare_expr . ')' stat ELSE_block

    ')'  偏移，並進入狀態 107


狀態 99

   37 for_loop: FOR '(' $@8 compare_expr . ')' stat

    ')'  偏移，並進入狀態 108


狀態 100

   35 for_loop: FOR assign_expr SEM $@7 . compare_expr SEM For_block

    SUB      偏移，並進入狀態 9
    '('      偏移，並進入狀態 10
    I_CONST  偏移，並進入狀態 14
    F_CONST  偏移，並進入狀態 15
    ID       偏移，並進入狀態 34

    arith          進入狀態 97
    call_function  進入狀態 22
    compare_expr   進入狀態 109


狀態 101

   70 declaration: VAR ID type ASSIGN . initializer

    SUB      偏移，並進入狀態 9
    '('      偏移，並進入狀態 10
    I_CONST  偏移，並進入狀態 14
    F_CONST  偏移，並進入狀態 15
    ID       偏移，並進入狀態 34

    arith          進入狀態 110
    call_function  進入狀態 22
    initializer    進入狀態 111


狀態 102

   33 block_item_list: block_item_list stat .

    $預設  使用規則 33 以縮減 (block_item_list)


狀態 103

    5 stat: '{' $@1 block_item_list $@2 . '}'

    '}'  偏移，並進入狀態 112


狀態 104

   18 function: FUNC ID '(' $@3 . parameter_list ')' funct_type $@4 '{' block_item_list '}'

    ID  偏移，並進入狀態 113

    $預設  使用規則 25 以縮減 (parameter_list)

    parameter_list  進入狀態 114


狀態 105

   53 call_function: ID '(' argument_list ')' .

    $預設  使用規則 53 以縮減 (call_function)


狀態 106

   54 argument_list: argument_list COM . arith

    SUB      偏移，並進入狀態 9
    '('      偏移，並進入狀態 10
    I_CONST  偏移，並進入狀態 14
    F_CONST  偏移，並進入狀態 15
    ID       偏移，並進入狀態 34

    arith          進入狀態 115
    call_function  進入狀態 22


狀態 107

   27 if_block: IF $@5 '(' compare_expr ')' . stat ELSE_block

    PRINT      偏移，並進入狀態 3
    PRINTLN    偏移，並進入狀態 4
    IF         偏移，並進入狀態 5
    FOR        偏移，並進入狀態 6
    VAR        偏移，並進入狀態 7
    NEWLINE    偏移，並進入狀態 8
    SUB        偏移，並進入狀態 9
    '('        偏移，並進入狀態 10
    '{'        偏移，並進入狀態 11
    C_COMMENT  偏移，並進入狀態 12
    FUNC       偏移，並進入狀態 13
    I_CONST    偏移，並進入狀態 14
    F_CONST    偏移，並進入狀態 15
    ID         偏移，並進入狀態 16

    stat           進入狀態 116
    function       進入狀態 18
    if_block       進入狀態 19
    for_loop       進入狀態 20
    arith          進入狀態 21
    call_function  進入狀態 22
    compare_expr   進入狀態 23
    assign_expr    進入狀態 24
    declaration    進入狀態 25
    print_func     進入狀態 26


狀態 108

   37 for_loop: FOR '(' $@8 compare_expr ')' . stat

    PRINT      偏移，並進入狀態 3
    PRINTLN    偏移，並進入狀態 4
    IF         偏移，並進入狀態 5
    FOR        偏移，並進入狀態 6
    VAR        偏移，並進入狀態 7
    NEWLINE    偏移，並進入狀態 8
    SUB        偏移，並進入狀態 9
    '('        偏移，並進入狀態 10
    '{'        偏移，並進入狀態 11
    C_COMMENT  偏移，並進入狀態 12
    FUNC       偏移，並進入狀態 13
    I_CONST    偏移，並進入狀態 14
    F_CONST    偏移，並進入狀態 15
    ID         偏移，並進入狀態 16

    stat           進入狀態 117
    function       進入狀態 18
    if_block       進入狀態 19
    for_loop       進入狀態 20
    arith          進入狀態 21
    call_function  進入狀態 22
    compare_expr   進入狀態 23
    assign_expr    進入狀態 24
    declaration    進入狀態 25
    print_func     進入狀態 26


狀態 109

   35 for_loop: FOR assign_expr SEM $@7 compare_expr . SEM For_block

    SEM  偏移，並進入狀態 118


狀態 110

   40 arith: arith . ADD arith
   41      | arith . SUB arith
   42      | arith . MUL arith
   43      | arith . DIV arith
   44      | arith . MOD arith
   74 initializer: arith .

    ADD  偏移，並進入狀態 48
    SUB  偏移，並進入狀態 49
    MUL  偏移，並進入狀態 50
    DIV  偏移，並進入狀態 51
    MOD  偏移，並進入狀態 52

    SUB      [使用規則 74 以縮減 (initializer)]
    $預設  使用規則 74 以縮減 (initializer)


狀態 111

   70 declaration: VAR ID type ASSIGN initializer .

    $預設  使用規則 70 以縮減 (declaration)


狀態 112

    5 stat: '{' $@1 block_item_list $@2 '}' .

    $預設  使用規則 5 以縮減 (stat)


狀態 113

   23 parameter_list: ID . type

    INT    偏移，並進入狀態 66
    FLOAT  偏移，並進入狀態 67
    VOID   偏移，並進入狀態 68

    type  進入狀態 119


狀態 114

   18 function: FUNC ID '(' $@3 parameter_list . ')' funct_type $@4 '{' block_item_list '}'
   24 parameter_list: parameter_list . COM ID type

    ')'  偏移，並進入狀態 120
    COM  偏移，並進入狀態 121


狀態 115

   40 arith: arith . ADD arith
   41      | arith . SUB arith
   42      | arith . MUL arith
   43      | arith . DIV arith
   44      | arith . MOD arith
   54 argument_list: argument_list COM arith .

    ADD  偏移，並進入狀態 48
    SUB  偏移，並進入狀態 49
    MUL  偏移，並進入狀態 50
    DIV  偏移，並進入狀態 51
    MOD  偏移，並進入狀態 52

    $預設  使用規則 54 以縮減 (argument_list)


狀態 116

   27 if_block: IF $@5 '(' compare_expr ')' stat . ELSE_block

    ELSE     偏移，並進入狀態 122
    NEWLINE  偏移，並進入狀態 123

    ELSE     [使用規則 31 以縮減 (ELSE_block)]
    NEWLINE  [使用規則 31 以縮減 (ELSE_block)]
    $預設  使用規則 31 以縮減 (ELSE_block)

    ELSE_block  進入狀態 124


狀態 117

   37 for_loop: FOR '(' $@8 compare_expr ')' stat .

    $預設  使用規則 37 以縮減 (for_loop)


狀態 118

   35 for_loop: FOR assign_expr SEM $@7 compare_expr SEM . For_block

    ID  偏移，並進入狀態 125

    For_block  進入狀態 126


狀態 119

   23 parameter_list: ID type .

    $預設  使用規則 23 以縮減 (parameter_list)


狀態 120

   18 function: FUNC ID '(' $@3 parameter_list ')' . funct_type $@4 '{' block_item_list '}'

    INT    偏移，並進入狀態 127
    FLOAT  偏移，並進入狀態 128
    VOID   偏移，並進入狀態 129

    $預設  使用規則 22 以縮減 (funct_type)

    funct_type  進入狀態 130


狀態 121

   24 parameter_list: parameter_list COM . ID type

    ID  偏移，並進入狀態 131


狀態 122

   29 ELSE_block: ELSE . $@6 stat

    $預設  使用規則 28 以縮減 ($@6)

    $@6  進入狀態 132


狀態 123

   30 ELSE_block: NEWLINE .

    $預設  使用規則 30 以縮減 (ELSE_block)


狀態 124

   27 if_block: IF $@5 '(' compare_expr ')' stat ELSE_block .

    $預設  使用規則 27 以縮減 (if_block)


狀態 125

   38 For_block: ID . DEC stat
   39          | ID . INC stat

    INC  偏移，並進入狀態 133
    DEC  偏移，並進入狀態 134


狀態 126

   35 for_loop: FOR assign_expr SEM $@7 compare_expr SEM For_block .

    $預設  使用規則 35 以縮減 (for_loop)


狀態 127

   19 funct_type: INT .

    $預設  使用規則 19 以縮減 (funct_type)


狀態 128

   20 funct_type: FLOAT .

    $預設  使用規則 20 以縮減 (funct_type)


狀態 129

   21 funct_type: VOID .

    $預設  使用規則 21 以縮減 (funct_type)


狀態 130

   18 function: FUNC ID '(' $@3 parameter_list ')' funct_type . $@4 '{' block_item_list '}'

    $預設  使用規則 17 以縮減 ($@4)

    $@4  進入狀態 135


狀態 131

   24 parameter_list: parameter_list COM ID . type

    INT    偏移，並進入狀態 66
    FLOAT  偏移，並進入狀態 67
    VOID   偏移，並進入狀態 68

    type  進入狀態 136


狀態 132

   29 ELSE_block: ELSE $@6 . stat

    PRINT      偏移，並進入狀態 3
    PRINTLN    偏移，並進入狀態 4
    IF         偏移，並進入狀態 5
    FOR        偏移，並進入狀態 6
    VAR        偏移，並進入狀態 7
    NEWLINE    偏移，並進入狀態 8
    SUB        偏移，並進入狀態 9
    '('        偏移，並進入狀態 10
    '{'        偏移，並進入狀態 11
    C_COMMENT  偏移，並進入狀態 12
    FUNC       偏移，並進入狀態 13
    I_CONST    偏移，並進入狀態 14
    F_CONST    偏移，並進入狀態 15
    ID         偏移，並進入狀態 16

    stat           進入狀態 137
    function       進入狀態 18
    if_block       進入狀態 19
    for_loop       進入狀態 20
    arith          進入狀態 21
    call_function  進入狀態 22
    compare_expr   進入狀態 23
    assign_expr    進入狀態 24
    declaration    進入狀態 25
    print_func     進入狀態 26


狀態 133

   39 For_block: ID INC . stat

    PRINT      偏移，並進入狀態 3
    PRINTLN    偏移，並進入狀態 4
    IF         偏移，並進入狀態 5
    FOR        偏移，並進入狀態 6
    VAR        偏移，並進入狀態 7
    NEWLINE    偏移，並進入狀態 8
    SUB        偏移，並進入狀態 9
    '('        偏移，並進入狀態 10
    '{'        偏移，並進入狀態 11
    C_COMMENT  偏移，並進入狀態 12
    FUNC       偏移，並進入狀態 13
    I_CONST    偏移，並進入狀態 14
    F_CONST    偏移，並進入狀態 15
    ID         偏移，並進入狀態 16

    stat           進入狀態 138
    function       進入狀態 18
    if_block       進入狀態 19
    for_loop       進入狀態 20
    arith          進入狀態 21
    call_function  進入狀態 22
    compare_expr   進入狀態 23
    assign_expr    進入狀態 24
    declaration    進入狀態 25
    print_func     進入狀態 26


狀態 134

   38 For_block: ID DEC . stat

    PRINT      偏移，並進入狀態 3
    PRINTLN    偏移，並進入狀態 4
    IF         偏移，並進入狀態 5
    FOR        偏移，並進入狀態 6
    VAR        偏移，並進入狀態 7
    NEWLINE    偏移，並進入狀態 8
    SUB        偏移，並進入狀態 9
    '('        偏移，並進入狀態 10
    '{'        偏移，並進入狀態 11
    C_COMMENT  偏移，並進入狀態 12
    FUNC       偏移，並進入狀態 13
    I_CONST    偏移，並進入狀態 14
    F_CONST    偏移，並進入狀態 15
    ID         偏移，並進入狀態 16

    stat           進入狀態 139
    function       進入狀態 18
    if_block       進入狀態 19
    for_loop       進入狀態 20
    arith          進入狀態 21
    call_function  進入狀態 22
    compare_expr   進入狀態 23
    assign_expr    進入狀態 24
    declaration    進入狀態 25
    print_func     進入狀態 26


狀態 135

   18 function: FUNC ID '(' $@3 parameter_list ')' funct_type $@4 . '{' block_item_list '}'

    '{'  偏移，並進入狀態 140


狀態 136

   24 parameter_list: parameter_list COM ID type .

    $預設  使用規則 24 以縮減 (parameter_list)


狀態 137

   29 ELSE_block: ELSE $@6 stat .

    $預設  使用規則 29 以縮減 (ELSE_block)


狀態 138

   39 For_block: ID INC stat .

    $預設  使用規則 39 以縮減 (For_block)


狀態 139

   38 For_block: ID DEC stat .

    $預設  使用規則 38 以縮減 (For_block)


狀態 140

   18 function: FUNC ID '(' $@3 parameter_list ')' funct_type $@4 '{' . block_item_list '}'

    PRINT      偏移，並進入狀態 3
    PRINTLN    偏移，並進入狀態 4
    IF         偏移，並進入狀態 5
    FOR        偏移，並進入狀態 6
    VAR        偏移，並進入狀態 7
    NEWLINE    偏移，並進入狀態 8
    SUB        偏移，並進入狀態 9
    '('        偏移，並進入狀態 10
    '{'        偏移，並進入狀態 11
    C_COMMENT  偏移，並進入狀態 12
    FUNC       偏移，並進入狀態 13
    I_CONST    偏移，並進入狀態 14
    F_CONST    偏移，並進入狀態 15
    ID         偏移，並進入狀態 16

    stat             進入狀態 71
    function         進入狀態 18
    if_block         進入狀態 19
    block_item_list  進入狀態 141
    for_loop         進入狀態 20
    arith            進入狀態 21
    call_function    進入狀態 22
    compare_expr     進入狀態 23
    assign_expr      進入狀態 24
    declaration      進入狀態 25
    print_func       進入狀態 26


狀態 141

   18 function: FUNC ID '(' $@3 parameter_list ')' funct_type $@4 '{' block_item_list . '}'
   33 block_item_list: block_item_list . stat

    PRINT      偏移，並進入狀態 3
    PRINTLN    偏移，並進入狀態 4
    IF         偏移，並進入狀態 5
    FOR        偏移，並進入狀態 6
    VAR        偏移，並進入狀態 7
    NEWLINE    偏移，並進入狀態 8
    SUB        偏移，並進入狀態 9
    '('        偏移，並進入狀態 10
    '{'        偏移，並進入狀態 11
    '}'        偏移，並進入狀態 142
    C_COMMENT  偏移，並進入狀態 12
    FUNC       偏移，並進入狀態 13
    I_CONST    偏移，並進入狀態 14
    F_CONST    偏移，並進入狀態 15
    ID         偏移，並進入狀態 16

    stat           進入狀態 102
    function       進入狀態 18
    if_block       進入狀態 19
    for_loop       進入狀態 20
    arith          進入狀態 21
    call_function  進入狀態 22
    compare_expr   進入狀態 23
    assign_expr    進入狀態 24
    declaration    進入狀態 25
    print_func     進入狀態 26


狀態 142

   18 function: FUNC ID '(' $@3 parameter_list ')' funct_type $@4 '{' block_item_list '}' .

    $預設  使用規則 18 以縮減 (function)
